<?xml version="1.0" encoding="UTF-8"?>
<!-- Generated by org.testng.reporters.JUnitReportReporter -->
<testsuite hostname="LAPTOP-MBBB27C3" failures="0" tests="3" name="com.BP.qa.tests.LoginPageTest" time="36.790" errors="0" timestamp="28 May 2021 02:24:41 GMT" skipped="0">
  <testcase classname="com.BP.qa.tests.LoginPageTest" name="invalidLoginWrongUserName" time="12.446"/>
  <testcase classname="com.BP.qa.tests.LoginPageTest" name="invalidLoginWrongPass" time="12.025"/>
  <testcase classname="com.BP.qa.tests.LoginPageTest" name="validLogin" time="12.319"/>
</testsuite> <!-- com.BP.qa.tests.LoginPageTest -->
